#############################################
The testing of ngo registration is failed
It has not passed the test case
Test case user name:
Test case user email:
#############################################
#############################################
The testing of ngo registration is failed
It has not passed the test case
Test case user name:Happytohelp
Test case user email:devraj@gmail.com
#############################################
#############################################
The testing of ngo registration is failed
It has not passed the test case
Test case user name:Happytohelp
Test case user email:devraj@gmail.com
#############################################
#############################################
The testing of email transfer is passed
It has  passed the test case
Test case user email:devraj@gmail.com
Test case user name:Happytohelp
#############################################
